<?xml version="1.0" encoding="UTF-8"?>
<!-- Generated by org.testng.reporters.JUnitReportReporter -->
<testsuite hostname="DESKTOP-33SIMU9" failures="0" tests="1" name="com.qa.test.rest.GetBDDCall" time="6.242" errors="0" timestamp="2021-09-07T12:16:18 CDT" skipped="0">
  <testcase classname="com.qa.test.rest.GetBDDCall" name="ergastCircuitForConstructorIDSize_2016" time="6.242"/>
  <system-out/>
</testsuite> <!-- com.qa.test.rest.GetBDDCall -->
